[2025-07-26 22:16:30] [INFO ] GracefulShutdown - Commencing graceful shutdown. Waiting for active requests to complete
[2025-07-26 22:16:30] [INFO ] GracefulShutdown - Graceful shutdown complete
[2025-07-26 22:16:30] [INFO ] LocalContainerEntityManagerFactoryBean - Closing JPA EntityManagerFactory for persistence unit 'default'
[2025-07-26 22:16:30] [INFO ] HikariDataSource - HikariPool-1 - Shutdown initiated...
[2025-07-26 22:16:30] [INFO ] HikariDataSource - HikariPool-1 - Shutdown completed.
[2025-07-26 22:16:33] [INFO ] SpringDataJpaApplication - Starting SpringDataJpaApplication using Java 21.0.8 with PID 26511 (/home/blackdeath/Documents/D Drive/My Study/Spring/SpringDataJPA/target/classes started by blackdeath in /home/blackdeath/Documents/D Drive/My Study/Spring/SpringDataJPA)
[2025-07-26 22:16:33] [DEBUG] SpringDataJpaApplication - Running with Spring Boot v3.5.3, Spring v6.2.8
[2025-07-26 22:16:33] [INFO ] SpringDataJpaApplication - No active profile set, falling back to 1 default profile: "default"
[2025-07-26 22:16:34] [INFO ] RepositoryConfigurationDelegate - Bootstrapping Spring Data JPA repositories in DEFAULT mode.
[2025-07-26 22:16:34] [INFO ] RepositoryConfigurationDelegate - Finished Spring Data repository scanning in 37 ms. Found 1 JPA repository interface.
[2025-07-26 22:16:34] [INFO ] TomcatWebServer - Tomcat initialized with port 8080 (http)
[2025-07-26 22:16:34] [INFO ] Http11NioProtocol - Initializing ProtocolHandler ["http-nio-8080"]
[2025-07-26 22:16:34] [INFO ] StandardService - Starting service [Tomcat]
[2025-07-26 22:16:34] [INFO ] StandardEngine - Starting Servlet engine: [Apache Tomcat/10.1.42]
[2025-07-26 22:16:34] [INFO ] [/] - Initializing Spring embedded WebApplicationContext
[2025-07-26 22:16:34] [INFO ] ServletWebServerApplicationContext - Root WebApplicationContext: initialization completed in 1463 ms
[2025-07-26 22:16:35] [INFO ] LogHelper - HHH000204: Processing PersistenceUnitInfo [name: default]
[2025-07-26 22:16:35] [INFO ] Version - HHH000412: Hibernate ORM core version 6.6.18.Final
[2025-07-26 22:16:35] [INFO ] RegionFactoryInitiator - HHH000026: Second-level cache disabled
[2025-07-26 22:16:35] [INFO ] SpringPersistenceUnitInfo - No LoadTimeWeaver setup: ignoring JPA class transformer
[2025-07-26 22:16:35] [INFO ] HikariDataSource - HikariPool-1 - Starting...
[2025-07-26 22:16:35] [INFO ] HikariPool - HikariPool-1 - Added connection org.postgresql.jdbc.PgConnection@20163008
[2025-07-26 22:16:35] [INFO ] HikariDataSource - HikariPool-1 - Start completed.
[2025-07-26 22:16:35] [INFO ] pooling - HHH10001005: Database info:
	Database JDBC URL [Connecting through datasource 'HikariDataSource (HikariPool-1)']
	Database driver: undefined/unknown
	Database version: 17.5
	Autocommit mode: undefined/unknown
	Isolation level: undefined/unknown
	Minimum pool size: undefined/unknown
	Maximum pool size: undefined/unknown
[2025-07-26 22:16:36] [INFO ] JtaPlatformInitiator - HHH000489: No JTA platform available (set 'hibernate.transaction.jta.platform' to enable JTA platform integration)
[2025-07-26 22:16:36] [INFO ] LocalContainerEntityManagerFactoryBean - Initialized JPA EntityManagerFactory for persistence unit 'default'
[2025-07-26 22:16:37] [WARN ] JpaBaseConfiguration$JpaWebConfiguration - spring.jpa.open-in-view is enabled by default. Therefore, database queries may be performed during view rendering. Explicitly configure spring.jpa.open-in-view to disable this warning
[2025-07-26 22:16:37] [INFO ] EndpointLinksResolver - Exposing 1 endpoint beneath base path '/actuator'
[2025-07-26 22:16:37] [INFO ] Http11NioProtocol - Starting ProtocolHandler ["http-nio-8080"]
[2025-07-26 22:16:37] [INFO ] TomcatWebServer - Tomcat started on port 8080 (http) with context path '/'
[2025-07-26 22:16:37] [INFO ] SpringDataJpaApplication - Started SpringDataJpaApplication in 4.808 seconds (process running for 6.517)
[2025-07-26 22:16:37] [INFO ] MethodLogger - Entering method: StudentController.addStudent
[2025-07-26 22:16:37] [INFO ] MethodLogger - Entering method: StudentProcessLayer.addCreateStudent
[2025-07-26 22:16:37] [INFO ] MethodLogger - Entering method: CrudRepository.save
[2025-07-26 22:16:37] [INFO ] MethodLogger - Exiting method: CrudRepository.save
[2025-07-26 22:16:37] [INFO ] MethodLogger - Entering method: ListCrudRepository.findAll
[2025-07-26 22:16:38] [INFO ] MethodLogger - Exiting method: ListCrudRepository.findAll
[2025-07-26 22:16:38] [INFO ] MethodLogger - Exiting method: StudentProcessLayer.addCreateStudent
[2025-07-26 22:16:38] [INFO ] MethodLogger - Exiting method: StudentController.addStudent
[2025-07-26 22:16:38] [INFO ] [/] - Initializing Spring DispatcherServlet 'dispatcherServlet'
[2025-07-26 22:16:38] [INFO ] DispatcherServlet - Initializing Servlet 'dispatcherServlet'
[2025-07-26 22:16:38] [INFO ] DispatcherServlet - Completed initialization in 2 ms
[2025-07-26 22:17:26] [INFO ] MethodLogger - Entering method: StudentController.findStudents
[2025-07-26 22:17:26] [INFO ] MethodLogger - Entering method: StudentProcessLayer.findStudents
[2025-07-26 22:17:26] [INFO ] MethodLogger - Entering method: StudentRepo.findByRoll
[2025-07-26 22:17:26] [INFO ] MethodLogger - Exiting method: StudentRepo.findByRoll
[2025-07-26 22:17:26] [INFO ] MethodLogger - Exiting method: StudentProcessLayer.findStudents
[2025-07-26 22:17:26] [INFO ] MethodLogger - Exiting method: StudentController.findStudents
[2025-07-26 22:18:23] [INFO ] MethodLogger - Entering method: StudentController.findStudents
[2025-07-26 22:18:23] [INFO ] MethodLogger - Entering method: StudentProcessLayer.findStudents
[2025-07-26 22:18:23] [INFO ] MethodLogger - Entering method: StudentRepo.findByRollAndNameIgnoreCase
[2025-07-26 22:18:23] [INFO ] MethodLogger - Exiting method: StudentRepo.findByRollAndNameIgnoreCase
[2025-07-26 22:18:23] [INFO ] MethodLogger - Exiting method: StudentProcessLayer.findStudents
[2025-07-26 22:18:23] [INFO ] MethodLogger - Exiting method: StudentController.findStudents
[2025-07-27 00:56:42] [INFO ] GracefulShutdown - Commencing graceful shutdown. Waiting for active requests to complete
[2025-07-27 00:56:42] [INFO ] GracefulShutdown - Graceful shutdown complete
[2025-07-27 00:56:42] [INFO ] LocalContainerEntityManagerFactoryBean - Closing JPA EntityManagerFactory for persistence unit 'default'
[2025-07-27 00:56:42] [INFO ] HikariDataSource - HikariPool-1 - Shutdown initiated...
[2025-07-27 00:56:42] [INFO ] HikariDataSource - HikariPool-1 - Shutdown completed.
[2025-07-27 16:33:22] [INFO ] SpringDataJpaApplication - Starting SpringDataJpaApplication using Java 21.0.8 with PID 50307 (/home/blackdeath/Documents/D Drive/My Study/Spring/SpringDataJPA/target/classes started by blackdeath in /home/blackdeath/Documents/D Drive/My Study/Spring/SpringDataJPA)
[2025-07-27 16:33:22] [DEBUG] SpringDataJpaApplication - Running with Spring Boot v3.5.3, Spring v6.2.8
[2025-07-27 16:33:22] [INFO ] SpringDataJpaApplication - No active profile set, falling back to 1 default profile: "default"
[2025-07-27 16:33:23] [INFO ] RepositoryConfigurationDelegate - Bootstrapping Spring Data JPA repositories in DEFAULT mode.
[2025-07-27 16:33:23] [INFO ] RepositoryConfigurationDelegate - Finished Spring Data repository scanning in 61 ms. Found 1 JPA repository interface.
[2025-07-27 16:33:24] [INFO ] TomcatWebServer - Tomcat initialized with port 8080 (http)
[2025-07-27 16:33:24] [INFO ] Http11NioProtocol - Initializing ProtocolHandler ["http-nio-8080"]
[2025-07-27 16:33:24] [INFO ] StandardService - Starting service [Tomcat]
[2025-07-27 16:33:24] [INFO ] StandardEngine - Starting Servlet engine: [Apache Tomcat/10.1.42]
[2025-07-27 16:33:24] [INFO ] [/] - Initializing Spring embedded WebApplicationContext
[2025-07-27 16:33:24] [INFO ] ServletWebServerApplicationContext - Root WebApplicationContext: initialization completed in 1823 ms
[2025-07-27 16:33:24] [INFO ] LogHelper - HHH000204: Processing PersistenceUnitInfo [name: default]
[2025-07-27 16:33:24] [INFO ] Version - HHH000412: Hibernate ORM core version 6.6.18.Final
[2025-07-27 16:33:24] [INFO ] RegionFactoryInitiator - HHH000026: Second-level cache disabled
[2025-07-27 16:33:25] [INFO ] SpringPersistenceUnitInfo - No LoadTimeWeaver setup: ignoring JPA class transformer
[2025-07-27 16:33:25] [INFO ] HikariDataSource - HikariPool-1 - Starting...
[2025-07-27 16:33:25] [INFO ] HikariPool - HikariPool-1 - Added connection org.postgresql.jdbc.PgConnection@20a4cba7
[2025-07-27 16:33:25] [INFO ] HikariDataSource - HikariPool-1 - Start completed.
[2025-07-27 16:33:25] [INFO ] pooling - HHH10001005: Database info:
	Database JDBC URL [Connecting through datasource 'HikariDataSource (HikariPool-1)']
	Database driver: undefined/unknown
	Database version: 17.5
	Autocommit mode: undefined/unknown
	Isolation level: undefined/unknown
	Minimum pool size: undefined/unknown
	Maximum pool size: undefined/unknown
[2025-07-27 16:33:26] [INFO ] JtaPlatformInitiator - HHH000489: No JTA platform available (set 'hibernate.transaction.jta.platform' to enable JTA platform integration)
[2025-07-27 16:33:26] [INFO ] LocalContainerEntityManagerFactoryBean - Initialized JPA EntityManagerFactory for persistence unit 'default'
[2025-07-27 16:33:27] [WARN ] JpaBaseConfiguration$JpaWebConfiguration - spring.jpa.open-in-view is enabled by default. Therefore, database queries may be performed during view rendering. Explicitly configure spring.jpa.open-in-view to disable this warning
[2025-07-27 16:33:28] [INFO ] EndpointLinksResolver - Exposing 1 endpoint beneath base path '/actuator'
[2025-07-27 16:33:28] [INFO ] Http11NioProtocol - Starting ProtocolHandler ["http-nio-8080"]
[2025-07-27 16:33:28] [INFO ] TomcatWebServer - Tomcat started on port 8080 (http) with context path '/'
[2025-07-27 16:33:28] [INFO ] SpringDataJpaApplication - Started SpringDataJpaApplication in 6.101 seconds (process running for 8.027)
[2025-07-27 16:33:28] [INFO ] MethodLogger - Entering method: StudentController.addStudent
[2025-07-27 16:33:28] [INFO ] MethodLogger - Entering method: StudentProcessLayer.addCreateStudent
[2025-07-27 16:33:28] [INFO ] MethodLogger - Entering method: CrudRepository.save
[2025-07-27 16:33:28] [INFO ] MethodLogger - Exiting method: CrudRepository.save
[2025-07-27 16:33:28] [INFO ] MethodLogger - Entering method: ListCrudRepository.findAll
[2025-07-27 16:33:28] [INFO ] MethodLogger - Exiting method: ListCrudRepository.findAll
[2025-07-27 16:33:28] [INFO ] MethodLogger - Exiting method: StudentProcessLayer.addCreateStudent
[2025-07-27 16:33:28] [INFO ] MethodLogger - Exiting method: StudentController.addStudent
[2025-07-27 16:33:28] [INFO ] [/] - Initializing Spring DispatcherServlet 'dispatcherServlet'
[2025-07-27 16:33:28] [INFO ] DispatcherServlet - Initializing Servlet 'dispatcherServlet'
[2025-07-27 16:33:28] [INFO ] DispatcherServlet - Completed initialization in 4 ms
[2025-07-27 19:05:54] [INFO ] GracefulShutdown - Commencing graceful shutdown. Waiting for active requests to complete
[2025-07-27 19:05:54] [INFO ] GracefulShutdown - Graceful shutdown complete
[2025-07-27 19:05:54] [INFO ] LocalContainerEntityManagerFactoryBean - Closing JPA EntityManagerFactory for persistence unit 'default'
[2025-07-27 19:05:54] [INFO ] HikariDataSource - HikariPool-1 - Shutdown initiated...
[2025-07-27 19:05:54] [INFO ] HikariDataSource - HikariPool-1 - Shutdown completed.
